<?xml version="1.0" encoding="UTF-8"?>
<testng-results ignored="0" total="4" passed="4" failed="0" skipped="0">
  <reporter-output>
  </reporter-output>
  <suite started-at="2020-12-13T17:10:04 IST" name="Suite" finished-at="2020-12-13T17:10:26 IST" duration-ms="21864">
    <groups>
    </groups>
    <test started-at="2020-12-13T17:10:04 IST" name="App Testing" finished-at="2020-12-13T17:10:04 IST" duration-ms="6">
    </test> <!-- App Testing -->
    <test started-at="2020-12-13T17:10:04 IST" name="Validating Navigation Bar" finished-at="2020-12-13T17:10:21 IST" duration-ms="17140">
      <class name="Academy.validateNavigationBar">
        <test-method is-config="true" signature="initialize()[pri:0, instance:Academy.validateNavigationBar@413f69cc]" started-at="2020-12-13T17:10:04 IST" name="initialize" finished-at="2020-12-13T17:10:20 IST" duration-ms="16591" status="PASS">
          <reporter-output>
          </reporter-output>
        </test-method> <!-- initialize -->
        <test-method signature="basePageNavigation()[pri:0, instance:Academy.validateNavigationBar@413f69cc]" started-at="2020-12-13T17:10:20 IST" name="basePageNavigation" finished-at="2020-12-13T17:10:21 IST" duration-ms="171" status="PASS">
          <reporter-output>
          </reporter-output>
        </test-method> <!-- basePageNavigation -->
        <test-method is-config="true" signature="teardown()[pri:0, instance:Academy.validateNavigationBar@413f69cc]" started-at="2020-12-13T17:10:21 IST" name="teardown" finished-at="2020-12-13T17:10:21 IST" duration-ms="367" status="PASS">
          <reporter-output>
          </reporter-output>
        </test-method> <!-- teardown -->
      </class> <!-- Academy.validateNavigationBar -->
    </test> <!-- Validating Navigation Bar -->
    <test started-at="2020-12-13T17:10:04 IST" name="validate title" finished-at="2020-12-13T17:10:23 IST" duration-ms="18786">
      <class name="Academy.validateTitle">
        <test-method is-config="true" signature="initialize()[pri:0, instance:Academy.validateTitle@59a008ba]" started-at="2020-12-13T17:10:04 IST" name="initialize" finished-at="2020-12-13T17:10:22 IST" duration-ms="17974" status="PASS">
          <reporter-output>
          </reporter-output>
        </test-method> <!-- initialize -->
        <test-method signature="basePageNavigation()[pri:0, instance:Academy.validateTitle@59a008ba]" started-at="2020-12-13T17:10:22 IST" name="basePageNavigation" finished-at="2020-12-13T17:10:22 IST" duration-ms="42" status="PASS">
          <reporter-output>
          </reporter-output>
        </test-method> <!-- basePageNavigation -->
        <test-method is-config="true" signature="teardown()[pri:0, instance:Academy.validateTitle@59a008ba]" started-at="2020-12-13T17:10:22 IST" name="teardown" finished-at="2020-12-13T17:10:23 IST" duration-ms="763" status="PASS">
          <reporter-output>
          </reporter-output>
        </test-method> <!-- teardown -->
      </class> <!-- Academy.validateTitle -->
    </test> <!-- validate title -->
    <test started-at="2020-12-13T17:10:04 IST" name="Validating User Login" finished-at="2020-12-13T17:10:26 IST" duration-ms="21864">
      <class name="Academy.HomePage">
        <test-method is-config="true" signature="initialize()[pri:0, instance:Academy.HomePage@4f3bbf68]" started-at="2020-12-13T17:10:04 IST" name="initialize" finished-at="2020-12-13T17:10:08 IST" duration-ms="4373" status="PASS">
          <reporter-output>
          </reporter-output>
        </test-method> <!-- initialize -->
        <test-method signature="basePageNavigation(java.lang.String, java.lang.String, java.lang.String)[pri:0, instance:Academy.HomePage@4f3bbf68]" started-at="2020-12-13T17:10:08 IST" name="basePageNavigation" data-provider="getData" finished-at="2020-12-13T17:10:23 IST" duration-ms="14981" status="PASS">
          <params>
            <param index="0">
              <value>
                <![CDATA[nonrestricteduser@gmail.com]]>
              </value>
            </param>
            <param index="1">
              <value>
                <![CDATA[12345]]>
              </value>
            </param>
            <param index="2">
              <value>
                <![CDATA[Restricted User]]>
              </value>
            </param>
          </params>
          <reporter-output>
          </reporter-output>
        </test-method> <!-- basePageNavigation -->
        <test-method signature="basePageNavigation(java.lang.String, java.lang.String, java.lang.String)[pri:0, instance:Academy.HomePage@4f3bbf68]" started-at="2020-12-13T17:10:23 IST" name="basePageNavigation" data-provider="getData" finished-at="2020-12-13T17:10:26 IST" duration-ms="2411" status="PASS">
          <params>
            <param index="0">
              <value>
                <![CDATA[restricteduser@gmail.com]]>
              </value>
            </param>
            <param index="1">
              <value>
                <![CDATA[45678]]>
              </value>
            </param>
            <param index="2">
              <value>
                <![CDATA[Non Restricted User]]>
              </value>
            </param>
          </params>
          <reporter-output>
          </reporter-output>
        </test-method> <!-- basePageNavigation -->
        <test-method is-config="true" signature="teardown()[pri:0, instance:Academy.HomePage@4f3bbf68]" started-at="2020-12-13T17:10:26 IST" name="teardown" finished-at="2020-12-13T17:10:26 IST" duration-ms="50" status="PASS">
          <reporter-output>
          </reporter-output>
        </test-method> <!-- teardown -->
      </class> <!-- Academy.HomePage -->
    </test> <!-- Validating User Login -->
  </suite> <!-- Suite -->
</testng-results>
