<?xml version="1.0" encoding="UTF-8"?>
<testng-results ignored="0" total="4" passed="4" failed="0" skipped="0">
  <reporter-output>
  </reporter-output>
  <suite started-at="2020-12-14T18:27:48 IST" name="Suite" finished-at="2020-12-14T18:28:15 IST" duration-ms="27234">
    <groups>
    </groups>
    <test started-at="2020-12-14T18:27:48 IST" name="App Testing" finished-at="2020-12-14T18:27:48 IST" duration-ms="17">
    </test> <!-- App Testing -->
    <test started-at="2020-12-14T18:27:48 IST" name="Validating Navigation Bar" finished-at="2020-12-14T18:28:10 IST" duration-ms="21786">
      <class name="Academy.validateNavigationBar">
        <test-method is-config="true" signature="initialize()[pri:0, instance:Academy.validateNavigationBar@b70da4c]" started-at="2020-12-14T18:27:48 IST" name="initialize" finished-at="2020-12-14T18:28:09 IST" duration-ms="21060" status="PASS">
          <reporter-output>
          </reporter-output>
        </test-method> <!-- initialize -->
        <test-method signature="basePageNavigation()[pri:0, instance:Academy.validateNavigationBar@b70da4c]" started-at="2020-12-14T18:28:09 IST" name="basePageNavigation" finished-at="2020-12-14T18:28:09 IST" duration-ms="111" status="PASS">
          <reporter-output>
          </reporter-output>
        </test-method> <!-- basePageNavigation -->
        <test-method is-config="true" signature="teardown()[pri:0, instance:Academy.validateNavigationBar@b70da4c]" started-at="2020-12-14T18:28:09 IST" name="teardown" finished-at="2020-12-14T18:28:10 IST" duration-ms="592" status="PASS">
          <reporter-output>
          </reporter-output>
        </test-method> <!-- teardown -->
      </class> <!-- Academy.validateNavigationBar -->
    </test> <!-- Validating Navigation Bar -->
    <test started-at="2020-12-14T18:27:48 IST" name="validate title" finished-at="2020-12-14T18:28:10 IST" duration-ms="21801">
      <class name="Academy.validateTitle">
        <test-method is-config="true" signature="initialize()[pri:0, instance:Academy.validateTitle@784b990c]" started-at="2020-12-14T18:27:48 IST" name="initialize" finished-at="2020-12-14T18:28:09 IST" duration-ms="21204" status="PASS">
          <reporter-output>
          </reporter-output>
        </test-method> <!-- initialize -->
        <test-method signature="basePageNavigation()[pri:0, instance:Academy.validateTitle@784b990c]" started-at="2020-12-14T18:28:09 IST" name="basePageNavigation" finished-at="2020-12-14T18:28:09 IST" duration-ms="34" status="PASS">
          <reporter-output>
          </reporter-output>
        </test-method> <!-- basePageNavigation -->
        <test-method is-config="true" signature="teardown()[pri:0, instance:Academy.validateTitle@784b990c]" started-at="2020-12-14T18:28:09 IST" name="teardown" finished-at="2020-12-14T18:28:10 IST" duration-ms="550" status="PASS">
          <reporter-output>
          </reporter-output>
        </test-method> <!-- teardown -->
      </class> <!-- Academy.validateTitle -->
    </test> <!-- validate title -->
    <test started-at="2020-12-14T18:27:48 IST" name="Validating User Login" finished-at="2020-12-14T18:28:15 IST" duration-ms="27234">
      <class name="Academy.HomePage">
        <test-method is-config="true" signature="initialize()[pri:0, instance:Academy.HomePage@5c8504fd]" started-at="2020-12-14T18:27:48 IST" name="initialize" finished-at="2020-12-14T18:27:57 IST" duration-ms="9292" status="PASS">
          <reporter-output>
          </reporter-output>
        </test-method> <!-- initialize -->
        <test-method signature="basePageNavigation(java.lang.String, java.lang.String, java.lang.String)[pri:0, instance:Academy.HomePage@5c8504fd]" started-at="2020-12-14T18:27:57 IST" name="basePageNavigation" data-provider="getData" finished-at="2020-12-14T18:28:13 IST" duration-ms="15219" status="PASS">
          <params>
            <param index="0">
              <value>
                <![CDATA[nonrestricteduser@gmail.com]]>
              </value>
            </param>
            <param index="1">
              <value>
                <![CDATA[12345]]>
              </value>
            </param>
            <param index="2">
              <value>
                <![CDATA[Restricted User]]>
              </value>
            </param>
          </params>
          <reporter-output>
          </reporter-output>
        </test-method> <!-- basePageNavigation -->
        <test-method signature="basePageNavigation(java.lang.String, java.lang.String, java.lang.String)[pri:0, instance:Academy.HomePage@5c8504fd]" started-at="2020-12-14T18:28:13 IST" name="basePageNavigation" data-provider="getData" finished-at="2020-12-14T18:28:15 IST" duration-ms="2589" status="PASS">
          <params>
            <param index="0">
              <value>
                <![CDATA[restricteduser@gmail.com]]>
              </value>
            </param>
            <param index="1">
              <value>
                <![CDATA[45678]]>
              </value>
            </param>
            <param index="2">
              <value>
                <![CDATA[Non Restricted User]]>
              </value>
            </param>
          </params>
          <reporter-output>
          </reporter-output>
        </test-method> <!-- basePageNavigation -->
        <test-method is-config="true" signature="teardown()[pri:0, instance:Academy.HomePage@5c8504fd]" started-at="2020-12-14T18:28:15 IST" name="teardown" finished-at="2020-12-14T18:28:15 IST" duration-ms="51" status="PASS">
          <reporter-output>
          </reporter-output>
        </test-method> <!-- teardown -->
      </class> <!-- Academy.HomePage -->
    </test> <!-- Validating User Login -->
  </suite> <!-- Suite -->
</testng-results>
