<?xml version="1.0" encoding="UTF-8"?>
<testng-results ignored="0" total="4" passed="4" failed="0" skipped="0">
  <reporter-output>
  </reporter-output>
  <suite started-at="2020-12-14T22:28:47 IST" name="Suite" finished-at="2020-12-14T22:29:06 IST" duration-ms="18899">
    <groups>
    </groups>
    <test started-at="2020-12-14T22:28:47 IST" name="App Testing" finished-at="2020-12-14T22:28:47 IST" duration-ms="8">
    </test> <!-- App Testing -->
    <test started-at="2020-12-14T22:28:47 IST" name="Validating Navigation Bar" finished-at="2020-12-14T22:29:04 IST" duration-ms="17539">
      <class name="Academy.validateNavigationBar">
        <test-method is-config="true" signature="initialize()[pri:0, instance:Academy.validateNavigationBar@5b619d14]" started-at="2020-12-14T22:28:47 IST" name="initialize" finished-at="2020-12-14T22:29:03 IST" duration-ms="16595" status="PASS">
          <reporter-output>
          </reporter-output>
        </test-method> <!-- initialize -->
        <test-method signature="basePageNavigation()[pri:0, instance:Academy.validateNavigationBar@5b619d14]" started-at="2020-12-14T22:29:03 IST" name="basePageNavigation" finished-at="2020-12-14T22:29:04 IST" duration-ms="63" status="PASS">
          <reporter-output>
          </reporter-output>
        </test-method> <!-- basePageNavigation -->
        <test-method is-config="true" signature="teardown()[pri:0, instance:Academy.validateNavigationBar@5b619d14]" started-at="2020-12-14T22:29:04 IST" name="teardown" finished-at="2020-12-14T22:29:04 IST" duration-ms="874" status="PASS">
          <reporter-output>
          </reporter-output>
        </test-method> <!-- teardown -->
      </class> <!-- Academy.validateNavigationBar -->
    </test> <!-- Validating Navigation Bar -->
    <test started-at="2020-12-14T22:28:47 IST" name="validate title" finished-at="2020-12-14T22:29:04 IST" duration-ms="17626">
      <class name="Academy.validateTitle">
        <test-method is-config="true" signature="initialize()[pri:0, instance:Academy.validateTitle@626c44e7]" started-at="2020-12-14T22:28:47 IST" name="initialize" finished-at="2020-12-14T22:29:03 IST" duration-ms="15794" status="PASS">
          <reporter-output>
          </reporter-output>
        </test-method> <!-- initialize -->
        <test-method signature="basePageNavigation()[pri:0, instance:Academy.validateTitle@626c44e7]" started-at="2020-12-14T22:29:03 IST" name="basePageNavigation" finished-at="2020-12-14T22:29:03 IST" duration-ms="44" status="PASS">
          <reporter-output>
          </reporter-output>
        </test-method> <!-- basePageNavigation -->
        <test-method is-config="true" signature="teardown()[pri:0, instance:Academy.validateTitle@626c44e7]" started-at="2020-12-14T22:29:03 IST" name="teardown" finished-at="2020-12-14T22:29:04 IST" duration-ms="1776" status="PASS">
          <reporter-output>
          </reporter-output>
        </test-method> <!-- teardown -->
      </class> <!-- Academy.validateTitle -->
    </test> <!-- validate title -->
    <test started-at="2020-12-14T22:28:47 IST" name="Validating User Login" finished-at="2020-12-14T22:29:06 IST" duration-ms="18899">
      <class name="Academy.HomePage">
        <test-method is-config="true" signature="initialize()[pri:0, instance:Academy.HomePage@5ccbeb64]" started-at="2020-12-14T22:28:47 IST" name="initialize" finished-at="2020-12-14T22:28:52 IST" duration-ms="5274" status="PASS">
          <reporter-output>
          </reporter-output>
        </test-method> <!-- initialize -->
        <test-method signature="basePageNavigation(java.lang.String, java.lang.String, java.lang.String)[pri:0, instance:Academy.HomePage@5ccbeb64]" started-at="2020-12-14T22:28:52 IST" name="basePageNavigation" data-provider="getData" finished-at="2020-12-14T22:29:03 IST" duration-ms="10748" status="PASS">
          <params>
            <param index="0">
              <value>
                <![CDATA[nonrestricteduser@gmail.com]]>
              </value>
            </param>
            <param index="1">
              <value>
                <![CDATA[12345]]>
              </value>
            </param>
            <param index="2">
              <value>
                <![CDATA[Restricted User]]>
              </value>
            </param>
          </params>
          <reporter-output>
          </reporter-output>
        </test-method> <!-- basePageNavigation -->
        <test-method signature="basePageNavigation(java.lang.String, java.lang.String, java.lang.String)[pri:0, instance:Academy.HomePage@5ccbeb64]" started-at="2020-12-14T22:29:03 IST" name="basePageNavigation" data-provider="getData" finished-at="2020-12-14T22:29:05 IST" duration-ms="2504" status="PASS">
          <params>
            <param index="0">
              <value>
                <![CDATA[restricteduser@gmail.com]]>
              </value>
            </param>
            <param index="1">
              <value>
                <![CDATA[45678]]>
              </value>
            </param>
            <param index="2">
              <value>
                <![CDATA[Non Restricted User]]>
              </value>
            </param>
          </params>
          <reporter-output>
          </reporter-output>
        </test-method> <!-- basePageNavigation -->
        <test-method is-config="true" signature="teardown()[pri:0, instance:Academy.HomePage@5ccbeb64]" started-at="2020-12-14T22:29:05 IST" name="teardown" finished-at="2020-12-14T22:29:06 IST" duration-ms="354" status="PASS">
          <reporter-output>
          </reporter-output>
        </test-method> <!-- teardown -->
      </class> <!-- Academy.HomePage -->
    </test> <!-- Validating User Login -->
  </suite> <!-- Suite -->
</testng-results>
